<?xml version="1.0" encoding="UTF-8"?>
<testsuite xmlns:xsi="http://www.w3.org/2001/XMLSchema-instance" xsi:noNamespaceSchemaLocation="https://maven.apache.org/surefire/maven-surefire-plugin/xsd/surefire-test-report-3.0.xsd" version="3.0" name="step_definations.Run_Tests" time="45.239" tests="0" errors="0" skipped="0" failures="0">
  <properties>
    <property name="sun.desktop" value="windows"/>
    <property name="awt.toolkit" value="sun.awt.windows.WToolkit"/>
    <property name="java.specification.version" value="11"/>
    <property name="webdriver.chrome.driver" value="C:\Users\gaurav_mahajan\Desktop\SeleniumwithCucumber//src//test//resources//driver//chromedriver.exe"/>
    <property name="sun.cpu.isalist" value="amd64"/>
    <property name="sun.jnu.encoding" value="Cp1252"/>
    <property name="sun.awt.enableExtraMouseButtons" value="true"/>
    <property name="java.class.path" value="C:\Users\gaurav_mahajan\Desktop\SeleniumwithCucumber\target\test-classes;C:\Users\gaurav_mahajan\Desktop\SeleniumwithCucumber\target\classes;C:\Users\gaurav_mahajan\.m2\repository\javax\xml\bind\jaxb-api\2.3.0\jaxb-api-2.3.0.jar;C:\Users\gaurav_mahajan\.m2\repository\io\rest-assured\rest-assured\4.3.3\rest-assured-4.3.3.jar;C:\Users\gaurav_mahajan\.m2\repository\org\codehaus\groovy\groovy\3.0.7\groovy-3.0.7.jar;C:\Users\gaurav_mahajan\.m2\repository\org\codehaus\groovy\groovy-xml\3.0.7\groovy-xml-3.0.7.jar;C:\Users\gaurav_mahajan\.m2\repository\org\apache\httpcomponents\httpclient\4.5.3\httpclient-4.5.3.jar;C:\Users\gaurav_mahajan\.m2\repository\org\apache\httpcomponents\httpcore\4.4.6\httpcore-4.4.6.jar;C:\Users\gaurav_mahajan\.m2\repository\org\apache\httpcomponents\httpmime\4.5.3\httpmime-4.5.3.jar;C:\Users\gaurav_mahajan\.m2\repository\org\ccil\cowan\tagsoup\tagsoup\1.2.1\tagsoup-1.2.1.jar;C:\Users\gaurav_mahajan\.m2\repository\io\rest-assured\json-path\4.3.3\json-path-4.3.3.jar;C:\Users\gaurav_mahajan\.m2\repository\org\codehaus\groovy\groovy-json\3.0.7\groovy-json-3.0.7.jar;C:\Users\gaurav_mahajan\.m2\repository\io\rest-assured\rest-assured-common\4.3.3\rest-assured-common-4.3.3.jar;C:\Users\gaurav_mahajan\.m2\repository\io\rest-assured\xml-path\4.3.3\xml-path-4.3.3.jar;C:\Users\gaurav_mahajan\.m2\repository\jakarta\xml\bind\jakarta.xml.bind-api\2.3.3\jakarta.xml.bind-api-2.3.3.jar;C:\Users\gaurav_mahajan\.m2\repository\com\lmax\disruptor\3.3.7\disruptor-3.3.7.jar;C:\Users\gaurav_mahajan\.m2\repository\javax\mail\mailapi\1.4.3\mailapi-1.4.3.jar;C:\Users\gaurav_mahajan\.m2\repository\com\fasterxml\jackson\dataformat\jackson-dataformat-xml\2.10.0.pr1\jackson-dataformat-xml-2.10.0.pr1.jar;C:\Users\gaurav_mahajan\.m2\repository\com\fasterxml\jackson\module\jackson-module-jaxb-annotations\2.10.0.pr1\jackson-module-jaxb-annotations-2.10.0.pr1.jar;C:\Users\gaurav_mahajan\.m2\repository\jakarta\activation\jakarta.activation-api\1.2.1\jakarta.activation-api-1.2.1.jar;C:\Users\gaurav_mahajan\.m2\repository\org\codehaus\woodstox\stax2-api\4.2\stax2-api-4.2.jar;C:\Users\gaurav_mahajan\.m2\repository\com\fasterxml\woodstox\woodstox-core\6.0.0.pr2\woodstox-core-6.0.0.pr2.jar;C:\Users\gaurav_mahajan\.m2\repository\com\fasterxml\jackson\core\jackson-core\2.10.0.pr1\jackson-core-2.10.0.pr1.jar;C:\Users\gaurav_mahajan\.m2\repository\commons-logging\commons-logging\1.2\commons-logging-1.2.jar;C:\Users\gaurav_mahajan\.m2\repository\org\apache\commons\commons-csv\1.5\commons-csv-1.5.jar;C:\Users\gaurav_mahajan\.m2\repository\com\fasterxml\jackson\core\jackson-databind\2.10.0.pr1\jackson-databind-2.10.0.pr1.jar;C:\Users\gaurav_mahajan\.m2\repository\com\fasterxml\jackson\core\jackson-annotations\2.10.0.pr1\jackson-annotations-2.10.0.pr1.jar;C:\Users\gaurav_mahajan\.m2\repository\com\sun\xml\bind\jaxb-impl\2.3.0\jaxb-impl-2.3.0.jar;C:\Users\gaurav_mahajan\.m2\repository\com\opencsv\opencsv\3.3\opencsv-3.3.jar;C:\Users\gaurav_mahajan\.m2\repository\org\apache\commons\commons-lang3\3.3.2\commons-lang3-3.3.2.jar;C:\Users\gaurav_mahajan\.m2\repository\org\glassfish\jaxb\jaxb-runtime\2.3.0\jaxb-runtime-2.3.0.jar;C:\Users\gaurav_mahajan\.m2\repository\org\glassfish\jaxb\jaxb-core\2.3.0\jaxb-core-2.3.0.jar;C:\Users\gaurav_mahajan\.m2\repository\org\glassfish\jaxb\txw2\2.3.0\txw2-2.3.0.jar;C:\Users\gaurav_mahajan\.m2\repository\com\sun\istack\istack-commons-runtime\3.0.5\istack-commons-runtime-3.0.5.jar;C:\Users\gaurav_mahajan\.m2\repository\org\jvnet\staxex\stax-ex\1.7.8\stax-ex-1.7.8.jar;C:\Users\gaurav_mahajan\.m2\repository\com\sun\xml\fastinfoset\FastInfoset\1.2.13\FastInfoset-1.2.13.jar;C:\Users\gaurav_mahajan\.m2\repository\javax\activation\activation\1.1.1\activation-1.1.1.jar;C:\Users\gaurav_mahajan\.m2\repository\org\hamcrest\hamcrest\2.2\hamcrest-2.2.jar;C:\Users\gaurav_mahajan\.m2\repository\com\conversantmedia\disruptor\1.2.15\disruptor-1.2.15.jar;C:\Users\gaurav_mahajan\.m2\repository\com\fasterxml\jackson\dataformat\jackson-dataformat-yaml\2.9.8\jackson-dataformat-yaml-2.9.8.jar;C:\Users\gaurav_mahajan\.m2\repository\org\yaml\snakeyaml\1.23\snakeyaml-1.23.jar;C:\Users\gaurav_mahajan\.m2\repository\org\apache\kafka\kafka-clients\2.8.1\kafka-clients-2.8.1.jar;C:\Users\gaurav_mahajan\.m2\repository\com\github\luben\zstd-jni\1.4.9-1\zstd-jni-1.4.9-1.jar;C:\Users\gaurav_mahajan\.m2\repository\org\lz4\lz4-java\1.7.1\lz4-java-1.7.1.jar;C:\Users\gaurav_mahajan\.m2\repository\org\xerial\snappy\snappy-java\1.1.8.1\snappy-java-1.1.8.1.jar;C:\Users\gaurav_mahajan\.m2\repository\mysql\mysql-connector-java\8.0.21\mysql-connector-java-8.0.21.jar;C:\Users\gaurav_mahajan\.m2\repository\com\google\protobuf\protobuf-java\3.11.4\protobuf-java-3.11.4.jar;C:\Users\gaurav_mahajan\.m2\repository\com\microsoft\sqlserver\mssql-jdbc\8.2.2.jre13\mssql-jdbc-8.2.2.jre13.jar;C:\Users\gaurav_mahajan\.m2\repository\io\cucumber\cucumber-java\6.10.4\cucumber-java-6.10.4.jar;C:\Users\gaurav_mahajan\.m2\repository\io\cucumber\cucumber-core\6.10.4\cucumber-core-6.10.4.jar;C:\Users\gaurav_mahajan\.m2\repository\io\cucumber\cucumber-gherkin-messages\6.10.4\cucumber-gherkin-messages-6.10.4.jar;C:\Users\gaurav_mahajan\.m2\repository\io\cucumber\messages\15.0.0\messages-15.0.0.jar;C:\Users\gaurav_mahajan\.m2\repository\io\cucumber\tag-expressions\3.0.1\tag-expressions-3.0.1.jar;C:\Users\gaurav_mahajan\.m2\repository\io\cucumber\cucumber-expressions\10.3.0\cucumber-expressions-10.3.0.jar;C:\Users\gaurav_mahajan\.m2\repository\io\cucumber\datatable\3.5.0\datatable-3.5.0.jar;C:\Users\gaurav_mahajan\.m2\repository\io\cucumber\cucumber-plugin\6.10.4\cucumber-plugin-6.10.4.jar;C:\Users\gaurav_mahajan\.m2\repository\io\cucumber\docstring\6.10.4\docstring-6.10.4.jar;C:\Users\gaurav_mahajan\.m2\repository\io\cucumber\html-formatter\13.0.0\html-formatter-13.0.0.jar;C:\Users\gaurav_mahajan\.m2\repository\io\cucumber\create-meta\4.0.0\create-meta-4.0.0.jar;C:\Users\gaurav_mahajan\.m2\repository\org\apiguardian\apiguardian-api\1.1.1\apiguardian-api-1.1.1.jar;C:\Users\gaurav_mahajan\.m2\repository\info\cukes\cucumber-jvm-deps\1.0.5\cucumber-jvm-deps-1.0.5.jar;C:\Users\gaurav_mahajan\.m2\repository\org\testng\testng\7.4.0\testng-7.4.0.jar;C:\Users\gaurav_mahajan\.m2\repository\com\beust\jcommander\1.78\jcommander-1.78.jar;C:\Users\gaurav_mahajan\.m2\repository\org\webjars\jquery\3.5.1\jquery-3.5.1.jar;C:\Users\gaurav_mahajan\.m2\repository\io\cucumber\cucumber-testng\6.10.4\cucumber-testng-6.10.4.jar;C:\Users\gaurav_mahajan\.m2\repository\info\cukes\cucumber-picocontainer\1.2.5\cucumber-picocontainer-1.2.5.jar;C:\Users\gaurav_mahajan\.m2\repository\info\cukes\cucumber-java\1.2.5\cucumber-java-1.2.5.jar;C:\Users\gaurav_mahajan\.m2\repository\info\cukes\cucumber-core\1.2.5\cucumber-core-1.2.5.jar;C:\Users\gaurav_mahajan\.m2\repository\info\cukes\cucumber-html\0.2.3\cucumber-html-0.2.3.jar;C:\Users\gaurav_mahajan\.m2\repository\info\cukes\gherkin\2.12.2\gherkin-2.12.2.jar;C:\Users\gaurav_mahajan\.m2\repository\org\picocontainer\picocontainer\2.15\picocontainer-2.15.jar;C:\Users\gaurav_mahajan\.m2\repository\org\seleniumhq\selenium\selenium-java\3.141.59\selenium-java-3.141.59.jar;C:\Users\gaurav_mahajan\.m2\repository\org\seleniumhq\selenium\selenium-api\3.141.59\selenium-api-3.141.59.jar;C:\Users\gaurav_mahajan\.m2\repository\org\seleniumhq\selenium\selenium-edge-driver\3.141.59\selenium-edge-driver-3.141.59.jar;C:\Users\gaurav_mahajan\.m2\repository\org\seleniumhq\selenium\selenium-ie-driver\3.141.59\selenium-ie-driver-3.141.59.jar;C:\Users\gaurav_mahajan\.m2\repository\org\seleniumhq\selenium\selenium-opera-driver\3.141.59\selenium-opera-driver-3.141.59.jar;C:\Users\gaurav_mahajan\.m2\repository\org\seleniumhq\selenium\selenium-remote-driver\3.141.59\selenium-remote-driver-3.141.59.jar;C:\Users\gaurav_mahajan\.m2\repository\org\seleniumhq\selenium\selenium-safari-driver\3.141.59\selenium-safari-driver-3.141.59.jar;C:\Users\gaurav_mahajan\.m2\repository\net\bytebuddy\byte-buddy\1.8.15\byte-buddy-1.8.15.jar;C:\Users\gaurav_mahajan\.m2\repository\org\apache\commons\commons-exec\1.3\commons-exec-1.3.jar;C:\Users\gaurav_mahajan\.m2\repository\com\squareup\okhttp3\okhttp\3.11.0\okhttp-3.11.0.jar;C:\Users\gaurav_mahajan\.m2\repository\com\squareup\okio\okio\1.14.0\okio-1.14.0.jar;C:\Users\gaurav_mahajan\.m2\repository\net\masterthought\cucumber-reporting\5.7.7\cucumber-reporting-5.7.7.jar;C:\Users\gaurav_mahajan\.m2\repository\com\fasterxml\jackson\datatype\jackson-datatype-jsr310\2.15.2\jackson-datatype-jsr310-2.15.2.jar;C:\Users\gaurav_mahajan\.m2\repository\org\apache\velocity\velocity-engine-core\2.3\velocity-engine-core-2.3.jar;C:\Users\gaurav_mahajan\.m2\repository\joda-time\joda-time\2.12.5\joda-time-2.12.5.jar;C:\Users\gaurav_mahajan\.m2\repository\org\codehaus\plexus\plexus-utils\3.5.1\plexus-utils-3.5.1.jar;C:\Users\gaurav_mahajan\.m2\repository\org\jsoup\jsoup\1.16.1\jsoup-1.16.1.jar;C:\Users\gaurav_mahajan\.m2\repository\com\googlecode\owasp-java-html-sanitizer\owasp-java-html-sanitizer\20220608.1\owasp-java-html-sanitizer-20220608.1.jar;C:\Users\gaurav_mahajan\.m2\repository\commons-configuration\commons-configuration\1.10\commons-configuration-1.10.jar;C:\Users\gaurav_mahajan\.m2\repository\org\seleniumhq\selenium\selenium-chrome-driver\3.141.59\selenium-chrome-driver-3.141.59.jar;C:\Users\gaurav_mahajan\.m2\repository\org\apache\logging\log4j\log4j-api\2.17.0\log4j-api-2.17.0.jar;C:\Users\gaurav_mahajan\.m2\repository\org\apache\logging\log4j\log4j-core\2.17.0\log4j-core-2.17.0.jar;C:\Users\gaurav_mahajan\.m2\repository\com\google\guava\guava\23.0\guava-23.0.jar;C:\Users\gaurav_mahajan\.m2\repository\com\google\code\findbugs\jsr305\1.3.9\jsr305-1.3.9.jar;C:\Users\gaurav_mahajan\.m2\repository\com\google\errorprone\error_prone_annotations\2.0.18\error_prone_annotations-2.0.18.jar;C:\Users\gaurav_mahajan\.m2\repository\com\google\j2objc\j2objc-annotations\1.1\j2objc-annotations-1.1.jar;C:\Users\gaurav_mahajan\.m2\repository\org\codehaus\mojo\animal-sniffer-annotations\1.14\animal-sniffer-annotations-1.14.jar;C:\Users\gaurav_mahajan\.m2\repository\org\seleniumhq\selenium\selenium-support\4.0.0\selenium-support-4.0.0.jar;C:\Users\gaurav_mahajan\.m2\repository\com\google\auto\service\auto-service-annotations\1.0\auto-service-annotations-1.0.jar;C:\Users\gaurav_mahajan\.m2\repository\com\google\auto\service\auto-service\1.0\auto-service-1.0.jar;C:\Users\gaurav_mahajan\.m2\repository\com\google\auto\auto-common\1.0\auto-common-1.0.jar;C:\Users\gaurav_mahajan\.m2\repository\org\seleniumhq\selenium\selenium-json\4.0.0\selenium-json-4.0.0.jar;C:\Users\gaurav_mahajan\.m2\repository\io\github\bonigarcia\webdrivermanager\4.3.1\webdrivermanager-4.3.1.jar;C:\Users\gaurav_mahajan\.m2\repository\com\google\code\gson\gson\2.8.6\gson-2.8.6.jar;C:\Users\gaurav_mahajan\.m2\repository\org\apache\httpcomponents\client5\httpclient5\5.0.3\httpclient5-5.0.3.jar;C:\Users\gaurav_mahajan\.m2\repository\org\apache\httpcomponents\core5\httpcore5\5.0.2\httpcore5-5.0.2.jar;C:\Users\gaurav_mahajan\.m2\repository\org\apache\httpcomponents\core5\httpcore5-h2\5.0.2\httpcore5-h2-5.0.2.jar;C:\Users\gaurav_mahajan\.m2\repository\org\rauschig\jarchivelib\1.1.0\jarchivelib-1.1.0.jar;C:\Users\gaurav_mahajan\.m2\repository\org\seleniumhq\webdriver\webdriver-support\0.9.7376\webdriver-support-0.9.7376.jar;C:\Users\gaurav_mahajan\.m2\repository\org\seleniumhq\webdriver\webdriver-common\0.9.7376\webdriver-common-0.9.7376.jar;C:\Users\gaurav_mahajan\.m2\repository\org\hamcrest\hamcrest-all\1.1\hamcrest-all-1.1.jar;C:\Users\gaurav_mahajan\.m2\repository\xerces\xercesImpl\2.12.1\xercesImpl-2.12.1.jar;C:\Users\gaurav_mahajan\.m2\repository\xml-apis\xml-apis\1.4.01\xml-apis-1.4.01.jar;C:\Users\gaurav_mahajan\.m2\repository\org\seleniumhq\selenium\selenium-firefox-driver\3.141.59\selenium-firefox-driver-3.141.59.jar;C:\Users\gaurav_mahajan\.m2\repository\com\vimalselvam\cucumber-extentsreport\3.0.2\cucumber-extentsreport-3.0.2.jar;C:\Users\gaurav_mahajan\.m2\repository\com\aventstack\extentreports\4.0.9\extentreports-4.0.9.jar;C:\Users\gaurav_mahajan\.m2\repository\org\freemarker\freemarker\2.3.23\freemarker-2.3.23.jar;C:\Users\gaurav_mahajan\.m2\repository\org\mongodb\mongodb-driver\3.3.0\mongodb-driver-3.3.0.jar;C:\Users\gaurav_mahajan\.m2\repository\org\mongodb\mongodb-driver-core\3.3.0\mongodb-driver-core-3.3.0.jar;C:\Users\gaurav_mahajan\.m2\repository\org\mongodb\bson\3.3.0\bson-3.3.0.jar;C:\Users\gaurav_mahajan\.m2\repository\org\slf4j\slf4j-api\1.7.5\slf4j-api-1.7.5.jar;C:\Users\gaurav_mahajan\.m2\repository\org\slf4j\slf4j-log4j12\1.7.5\slf4j-log4j12-1.7.5.jar;C:\Users\gaurav_mahajan\.m2\repository\log4j\log4j\1.2.17\log4j-1.2.17.jar;C:\Users\gaurav_mahajan\.m2\repository\org\docx4j\xhtmlrenderer\1.0.0\xhtmlrenderer-1.0.0.jar;C:\Users\gaurav_mahajan\.m2\repository\com\lowagie\itext\2.1.7\itext-2.1.7.jar;C:\Users\gaurav_mahajan\.m2\repository\com\github\mkolisnyk\cucumber-runner\1.0.8\cucumber-runner-1.0.8.jar;C:\Users\gaurav_mahajan\.m2\repository\com\github\mkolisnyk\cucumber-report-generator\1.0.8\cucumber-report-generator-1.0.8.jar;C:\Users\gaurav_mahajan\.m2\repository\batik\batik-transcoder\1.6-1\batik-transcoder-1.6-1.jar;C:\Users\gaurav_mahajan\.m2\repository\batik\batik-bridge\1.6-1\batik-bridge-1.6-1.jar;C:\Users\gaurav_mahajan\.m2\repository\batik\batik-gvt\1.6-1\batik-gvt-1.6-1.jar;C:\Users\gaurav_mahajan\.m2\repository\batik\batik-awt-util\1.6-1\batik-awt-util-1.6-1.jar;C:\Users\gaurav_mahajan\.m2\repository\batik\batik-util\1.6-1\batik-util-1.6-1.jar;C:\Users\gaurav_mahajan\.m2\repository\batik\batik-gui-util\1.6-1\batik-gui-util-1.6-1.jar;C:\Users\gaurav_mahajan\.m2\repository\batik\batik-ext\1.6-1\batik-ext-1.6-1.jar;C:\Users\gaurav_mahajan\.m2\repository\xml-apis\xmlParserAPIs\2.0.2\xmlParserAPIs-2.0.2.jar;C:\Users\gaurav_mahajan\.m2\repository\batik\batik-script\1.6-1\batik-script-1.6-1.jar;C:\Users\gaurav_mahajan\.m2\repository\rhino\js\1.5R4.1\js-1.5R4.1.jar;C:\Users\gaurav_mahajan\.m2\repository\batik\batik-svg-dom\1.6-1\batik-svg-dom-1.6-1.jar;C:\Users\gaurav_mahajan\.m2\repository\batik\batik-dom\1.6-1\batik-dom-1.6-1.jar;C:\Users\gaurav_mahajan\.m2\repository\batik\batik-css\1.6-1\batik-css-1.6-1.jar;C:\Users\gaurav_mahajan\.m2\repository\batik\batik-xml\1.6-1\batik-xml-1.6-1.jar;C:\Users\gaurav_mahajan\.m2\repository\batik\batik-parser\1.6-1\batik-parser-1.6-1.jar;C:\Users\gaurav_mahajan\.m2\repository\com\itextpdf\itextpdf\5.5.10\itextpdf-5.5.10.jar;C:\Users\gaurav_mahajan\.m2\repository\com\cedarsoftware\json-io\4.8.0\json-io-4.8.0.jar;C:\Users\gaurav_mahajan\.m2\repository\info\cukes\cucumber-junit\1.2.5\cucumber-junit-1.2.5.jar;C:\Users\gaurav_mahajan\.m2\repository\info\cukes\cucumber-testng\1.2.5\cucumber-testng-1.2.5.jar;C:\Users\gaurav_mahajan\.m2\repository\org\xhtmlrenderer\flying-saucer-pdf\9.0.9\flying-saucer-pdf-9.0.9.jar;C:\Users\gaurav_mahajan\.m2\repository\org\xhtmlrenderer\flying-saucer-core\9.0.9\flying-saucer-core-9.0.9.jar;C:\Users\gaurav_mahajan\.m2\repository\commons-codec\commons-codec\1.10\commons-codec-1.10.jar;C:\Users\gaurav_mahajan\.m2\repository\org\javassist\javassist\3.22.0-CR1\javassist-3.22.0-CR1.jar;C:\Users\gaurav_mahajan\.m2\repository\org\apache\maven\maven-plugin-api\2.0\maven-plugin-api-2.0.jar;C:\Users\gaurav_mahajan\.m2\repository\org\apache\maven\reporting\maven-reporting-api\2.0.8\maven-reporting-api-2.0.8.jar;C:\Users\gaurav_mahajan\.m2\repository\org\apache\maven\doxia\doxia-sink-api\1.0-alpha-9\doxia-sink-api-1.0-alpha-9.jar;C:\Users\gaurav_mahajan\.m2\repository\org\apache\maven\reporting\maven-reporting-impl\2.0.4.3\maven-reporting-impl-2.0.4.3.jar;C:\Users\gaurav_mahajan\.m2\repository\org\apache\maven\maven-project\2.0.4\maven-project-2.0.4.jar;C:\Users\gaurav_mahajan\.m2\repository\org\apache\maven\maven-settings\2.0.4\maven-settings-2.0.4.jar;C:\Users\gaurav_mahajan\.m2\repository\org\apache\maven\maven-profile\2.0.4\maven-profile-2.0.4.jar;C:\Users\gaurav_mahajan\.m2\repository\org\apache\maven\maven-model\2.0.4\maven-model-2.0.4.jar;C:\Users\gaurav_mahajan\.m2\repository\org\apache\maven\maven-artifact-manager\2.0.4\maven-artifact-manager-2.0.4.jar;C:\Users\gaurav_mahajan\.m2\repository\org\apache\maven\maven-repository-metadata\2.0.4\maven-repository-metadata-2.0.4.jar;C:\Users\gaurav_mahajan\.m2\repository\org\apache\maven\wagon\wagon-provider-api\1.0-alpha-6\wagon-provider-api-1.0-alpha-6.jar;C:\Users\gaurav_mahajan\.m2\repository\org\apache\maven\maven-artifact\2.0.4\maven-artifact-2.0.4.jar;C:\Users\gaurav_mahajan\.m2\repository\org\codehaus\plexus\plexus-container-default\1.0-alpha-9\plexus-container-default-1.0-alpha-9.jar;C:\Users\gaurav_mahajan\.m2\repository\classworlds\classworlds\1.1-alpha-2\classworlds-1.1-alpha-2.jar;C:\Users\gaurav_mahajan\.m2\repository\org\apache\maven\doxia\doxia-core\1.0\doxia-core-1.0.jar;C:\Users\gaurav_mahajan\.m2\repository\org\apache\maven\doxia\doxia-site-renderer\1.0\doxia-site-renderer-1.0.jar;C:\Users\gaurav_mahajan\.m2\repository\org\codehaus\plexus\plexus-i18n\1.0-beta-7\plexus-i18n-1.0-beta-7.jar;C:\Users\gaurav_mahajan\.m2\repository\org\codehaus\plexus\plexus-velocity\1.1.7\plexus-velocity-1.1.7.jar;C:\Users\gaurav_mahajan\.m2\repository\org\apache\velocity\velocity\1.5\velocity-1.5.jar;C:\Users\gaurav_mahajan\.m2\repository\org\apache\maven\doxia\doxia-decoration-model\1.0\doxia-decoration-model-1.0.jar;C:\Users\gaurav_mahajan\.m2\repository\commons-collections\commons-collections\3.2\commons-collections-3.2.jar;C:\Users\gaurav_mahajan\.m2\repository\org\apache\maven\doxia\doxia-module-apt\1.0\doxia-module-apt-1.0.jar;C:\Users\gaurav_mahajan\.m2\repository\org\apache\maven\doxia\doxia-module-fml\1.0\doxia-module-fml-1.0.jar;C:\Users\gaurav_mahajan\.m2\repository\org\apache\maven\doxia\doxia-module-xdoc\1.0\doxia-module-xdoc-1.0.jar;C:\Users\gaurav_mahajan\.m2\repository\org\apache\maven\doxia\doxia-module-xhtml\1.0\doxia-module-xhtml-1.0.jar;C:\Users\gaurav_mahajan\.m2\repository\commons-validator\commons-validator\1.2.0\commons-validator-1.2.0.jar;C:\Users\gaurav_mahajan\.m2\repository\commons-beanutils\commons-beanutils\1.7.0\commons-beanutils-1.7.0.jar;C:\Users\gaurav_mahajan\.m2\repository\commons-digester\commons-digester\1.6\commons-digester-1.6.jar;C:\Users\gaurav_mahajan\.m2\repository\oro\oro\2.0.8\oro-2.0.8.jar;C:\Users\gaurav_mahajan\.m2\repository\org\apache\maven\shared\maven-doxia-tools\1.0.2\maven-doxia-tools-1.0.2.jar;C:\Users\gaurav_mahajan\.m2\repository\com\google\inject\guice\4.0\guice-4.0.jar;C:\Users\gaurav_mahajan\.m2\repository\javax\inject\javax.inject\1\javax.inject-1.jar;C:\Users\gaurav_mahajan\.m2\repository\aopalliance\aopalliance\1.0\aopalliance-1.0.jar;C:\Users\gaurav_mahajan\.m2\repository\org\uncommons\reportng\1.1.3\reportng-1.1.3.jar;C:\Users\gaurav_mahajan\.m2\repository\velocity\velocity\1.4\velocity-1.4.jar;C:\Users\gaurav_mahajan\.m2\repository\velocity\velocity-dep\1.4\velocity-dep-1.4.jar;C:\Users\gaurav_mahajan\.m2\repository\commons-io\commons-io\2.6\commons-io-2.6.jar;C:\Users\gaurav_mahajan\.m2\repository\org\apache\poi\poi\4.1.2\poi-4.1.2.jar;C:\Users\gaurav_mahajan\.m2\repository\org\apache\commons\commons-collections4\4.4\commons-collections4-4.4.jar;C:\Users\gaurav_mahajan\.m2\repository\org\apache\commons\commons-math3\3.6.1\commons-math3-3.6.1.jar;C:\Users\gaurav_mahajan\.m2\repository\com\zaxxer\SparseBitSet\1.2\SparseBitSet-1.2.jar;C:\Users\gaurav_mahajan\.m2\repository\org\apache\poi\poi-ooxml\4.1.2\poi-ooxml-4.1.2.jar;C:\Users\gaurav_mahajan\.m2\repository\org\apache\poi\poi-ooxml-schemas\4.1.2\poi-ooxml-schemas-4.1.2.jar;C:\Users\gaurav_mahajan\.m2\repository\org\apache\xmlbeans\xmlbeans\3.1.0\xmlbeans-3.1.0.jar;C:\Users\gaurav_mahajan\.m2\repository\org\apache\commons\commons-compress\1.19\commons-compress-1.19.jar;C:\Users\gaurav_mahajan\.m2\repository\com\github\virtuald\curvesapi\1.06\curvesapi-1.06.jar;C:\Users\gaurav_mahajan\.m2\repository\org\json\json\20190722\json-20190722.jar;C:\Users\gaurav_mahajan\.m2\repository\com\googlecode\json-simple\json-simple\1.1.1\json-simple-1.1.1.jar;C:\Users\gaurav_mahajan\.m2\repository\com\jayway\restassured\dist-rest-assured\2.2.0\dist-rest-assured-2.2.0.jar;C:\Users\gaurav_mahajan\.m2\repository\com\jayway\restassured\rest-assured\2.2.0\rest-assured-2.2.0.jar;C:\Users\gaurav_mahajan\.m2\repository\org\hamcrest\hamcrest-library\1.3\hamcrest-library-1.3.jar;C:\Users\gaurav_mahajan\.m2\repository\com\jayway\restassured\rest-assured-common\2.2.0\rest-assured-common-2.2.0.jar;C:\Users\gaurav_mahajan\.m2\repository\com\jayway\restassured\json-path\2.2.0\json-path-2.2.0.jar;C:\Users\gaurav_mahajan\.m2\repository\org\codehaus\jackson\jackson-core-asl\1.8.5\jackson-core-asl-1.8.5.jar;C:\Users\gaurav_mahajan\.m2\repository\org\codehaus\jackson\jackson-mapper-asl\1.8.5\jackson-mapper-asl-1.8.5.jar;C:\Users\gaurav_mahajan\.m2\repository\com\jayway\restassured\xml-path\2.2.0\xml-path-2.2.0.jar;C:\Users\gaurav_mahajan\.m2\repository\com\github\stephenc\monte\monte-screen-recorder\0.7.7.0\monte-screen-recorder-0.7.7.0.jar;C:\Users\gaurav_mahajan\.m2\repository\com\epam\reportportal\agent-java-cucumber6\5.2.0\agent-java-cucumber6-5.2.0.jar;C:\Users\gaurav_mahajan\.m2\repository\com\epam\reportportal\commons-model\5.0.0\commons-model-5.0.0.jar;C:\Users\gaurav_mahajan\.m2\repository\io\swagger\swagger-annotations\1.5.24\swagger-annotations-1.5.24.jar;C:\Users\gaurav_mahajan\.m2\repository\javax\validation\validation-api\2.0.1.Final\validation-api-2.0.1.Final.jar;C:\Users\gaurav_mahajan\.m2\repository\io\cucumber\cucumber-gherkin\7.13.0\cucumber-gherkin-7.13.0.jar;C:\Users\gaurav_mahajan\.m2\repository\com\epam\reportportal\agent-java-testng\5.3.1\agent-java-testng-5.3.1.jar;C:\Users\gaurav_mahajan\.m2\repository\com\epam\reportportal\client-java\5.1.26\client-java-5.1.26.jar;C:\Users\gaurav_mahajan\.m2\repository\io\reactivex\rxjava2\rxjava\2.2.10\rxjava-2.2.10.jar;C:\Users\gaurav_mahajan\.m2\repository\org\reactivestreams\reactive-streams\1.0.2\reactive-streams-1.0.2.jar;C:\Users\gaurav_mahajan\.m2\repository\com\squareup\retrofit2\retrofit\2.9.0\retrofit-2.9.0.jar;C:\Users\gaurav_mahajan\.m2\repository\org\aspectj\aspectjrt\1.9.19\aspectjrt-1.9.19.jar;C:\Users\gaurav_mahajan\.m2\repository\com\squareup\retrofit2\converter-scalars\2.9.0\converter-scalars-2.9.0.jar;C:\Users\gaurav_mahajan\.m2\repository\com\squareup\retrofit2\converter-jackson\2.9.0\converter-jackson-2.9.0.jar;C:\Users\gaurav_mahajan\.m2\repository\com\squareup\retrofit2\adapter-rxjava2\2.9.0\adapter-rxjava2-2.9.0.jar;C:\Users\gaurav_mahajan\.m2\repository\com\squareup\okhttp3\logging-interceptor\3.14.9\logging-interceptor-3.14.9.jar;C:\Users\gaurav_mahajan\.m2\repository\org\aspectj\aspectjweaver\1.9.19\aspectjweaver-1.9.19.jar;C:\Users\gaurav_mahajan\.m2\repository\commons-lang\commons-lang\2.2\commons-lang-2.2.jar;C:\Users\gaurav_mahajan\.m2\repository\io\cucumber\cucumber-junit\6.11.0\cucumber-junit-6.11.0.jar;C:\Users\gaurav_mahajan\.m2\repository\junit\junit\4.13.2\junit-4.13.2.jar;C:\Users\gaurav_mahajan\.m2\repository\org\hamcrest\hamcrest-core\1.3\hamcrest-core-1.3.jar;C:\Users\gaurav_mahajan\.m2\repository\javax\xml\soap\javax.xml.soap-api\1.4.0\javax.xml.soap-api-1.4.0.jar;C:\Users\gaurav_mahajan\.m2\repository\com\sun\xml\messaging\saaj\saaj-impl\1.5.2\saaj-impl-1.5.2.jar;C:\Users\gaurav_mahajan\.m2\repository\jakarta\xml\soap\jakarta.xml.soap-api\1.4.2\jakarta.xml.soap-api-1.4.2.jar;C:\Users\gaurav_mahajan\.m2\repository\com\sun\activation\jakarta.activation\1.2.2\jakarta.activation-1.2.2.jar;"/>
    <property name="java.vm.vendor" value="Oracle Corporation"/>
    <property name="sun.arch.data.model" value="64"/>
    <property name="user.variant" value=""/>
    <property name="java.vendor.url" value="https://openjdk.java.net/"/>
    <property name="user.timezone" value="Asia/Calcutta"/>
    <property name="java.vm.specification.version" value="11"/>
    <property name="os.name" value="Windows 11"/>
    <property name="sun.java.launcher" value="SUN_STANDARD"/>
    <property name="user.country" value="IN"/>
    <property name="sun.boot.library.path" value="C:\Program Files\Java\jdk-11\bin"/>
    <property name="sun.java.command" value="C:\Users\gaurav_mahajan\AppData\Local\Temp\surefire17450638679320741729\surefirebooter12319038857896487916.jar C:\Users\gaurav_mahajan\AppData\Local\Temp\surefire17450638679320741729 2024-09-02T18-03-40_918-jvmRun1 surefire979356799825142542tmp surefire_04776664981368742641tmp"/>
    <property name="jdk.debug" value="release"/>
    <property name="surefire.test.class.path" value="C:\Users\gaurav_mahajan\Desktop\SeleniumwithCucumber\target\test-classes;C:\Users\gaurav_mahajan\Desktop\SeleniumwithCucumber\target\classes;C:\Users\gaurav_mahajan\.m2\repository\javax\xml\bind\jaxb-api\2.3.0\jaxb-api-2.3.0.jar;C:\Users\gaurav_mahajan\.m2\repository\io\rest-assured\rest-assured\4.3.3\rest-assured-4.3.3.jar;C:\Users\gaurav_mahajan\.m2\repository\org\codehaus\groovy\groovy\3.0.7\groovy-3.0.7.jar;C:\Users\gaurav_mahajan\.m2\repository\org\codehaus\groovy\groovy-xml\3.0.7\groovy-xml-3.0.7.jar;C:\Users\gaurav_mahajan\.m2\repository\org\apache\httpcomponents\httpclient\4.5.3\httpclient-4.5.3.jar;C:\Users\gaurav_mahajan\.m2\repository\org\apache\httpcomponents\httpcore\4.4.6\httpcore-4.4.6.jar;C:\Users\gaurav_mahajan\.m2\repository\org\apache\httpcomponents\httpmime\4.5.3\httpmime-4.5.3.jar;C:\Users\gaurav_mahajan\.m2\repository\org\ccil\cowan\tagsoup\tagsoup\1.2.1\tagsoup-1.2.1.jar;C:\Users\gaurav_mahajan\.m2\repository\io\rest-assured\json-path\4.3.3\json-path-4.3.3.jar;C:\Users\gaurav_mahajan\.m2\repository\org\codehaus\groovy\groovy-json\3.0.7\groovy-json-3.0.7.jar;C:\Users\gaurav_mahajan\.m2\repository\io\rest-assured\rest-assured-common\4.3.3\rest-assured-common-4.3.3.jar;C:\Users\gaurav_mahajan\.m2\repository\io\rest-assured\xml-path\4.3.3\xml-path-4.3.3.jar;C:\Users\gaurav_mahajan\.m2\repository\jakarta\xml\bind\jakarta.xml.bind-api\2.3.3\jakarta.xml.bind-api-2.3.3.jar;C:\Users\gaurav_mahajan\.m2\repository\com\lmax\disruptor\3.3.7\disruptor-3.3.7.jar;C:\Users\gaurav_mahajan\.m2\repository\javax\mail\mailapi\1.4.3\mailapi-1.4.3.jar;C:\Users\gaurav_mahajan\.m2\repository\com\fasterxml\jackson\dataformat\jackson-dataformat-xml\2.10.0.pr1\jackson-dataformat-xml-2.10.0.pr1.jar;C:\Users\gaurav_mahajan\.m2\repository\com\fasterxml\jackson\module\jackson-module-jaxb-annotations\2.10.0.pr1\jackson-module-jaxb-annotations-2.10.0.pr1.jar;C:\Users\gaurav_mahajan\.m2\repository\jakarta\activation\jakarta.activation-api\1.2.1\jakarta.activation-api-1.2.1.jar;C:\Users\gaurav_mahajan\.m2\repository\org\codehaus\woodstox\stax2-api\4.2\stax2-api-4.2.jar;C:\Users\gaurav_mahajan\.m2\repository\com\fasterxml\woodstox\woodstox-core\6.0.0.pr2\woodstox-core-6.0.0.pr2.jar;C:\Users\gaurav_mahajan\.m2\repository\com\fasterxml\jackson\core\jackson-core\2.10.0.pr1\jackson-core-2.10.0.pr1.jar;C:\Users\gaurav_mahajan\.m2\repository\commons-logging\commons-logging\1.2\commons-logging-1.2.jar;C:\Users\gaurav_mahajan\.m2\repository\org\apache\commons\commons-csv\1.5\commons-csv-1.5.jar;C:\Users\gaurav_mahajan\.m2\repository\com\fasterxml\jackson\core\jackson-databind\2.10.0.pr1\jackson-databind-2.10.0.pr1.jar;C:\Users\gaurav_mahajan\.m2\repository\com\fasterxml\jackson\core\jackson-annotations\2.10.0.pr1\jackson-annotations-2.10.0.pr1.jar;C:\Users\gaurav_mahajan\.m2\repository\com\sun\xml\bind\jaxb-impl\2.3.0\jaxb-impl-2.3.0.jar;C:\Users\gaurav_mahajan\.m2\repository\com\opencsv\opencsv\3.3\opencsv-3.3.jar;C:\Users\gaurav_mahajan\.m2\repository\org\apache\commons\commons-lang3\3.3.2\commons-lang3-3.3.2.jar;C:\Users\gaurav_mahajan\.m2\repository\org\glassfish\jaxb\jaxb-runtime\2.3.0\jaxb-runtime-2.3.0.jar;C:\Users\gaurav_mahajan\.m2\repository\org\glassfish\jaxb\jaxb-core\2.3.0\jaxb-core-2.3.0.jar;C:\Users\gaurav_mahajan\.m2\repository\org\glassfish\jaxb\txw2\2.3.0\txw2-2.3.0.jar;C:\Users\gaurav_mahajan\.m2\repository\com\sun\istack\istack-commons-runtime\3.0.5\istack-commons-runtime-3.0.5.jar;C:\Users\gaurav_mahajan\.m2\repository\org\jvnet\staxex\stax-ex\1.7.8\stax-ex-1.7.8.jar;C:\Users\gaurav_mahajan\.m2\repository\com\sun\xml\fastinfoset\FastInfoset\1.2.13\FastInfoset-1.2.13.jar;C:\Users\gaurav_mahajan\.m2\repository\javax\activation\activation\1.1.1\activation-1.1.1.jar;C:\Users\gaurav_mahajan\.m2\repository\org\hamcrest\hamcrest\2.2\hamcrest-2.2.jar;C:\Users\gaurav_mahajan\.m2\repository\com\conversantmedia\disruptor\1.2.15\disruptor-1.2.15.jar;C:\Users\gaurav_mahajan\.m2\repository\com\fasterxml\jackson\dataformat\jackson-dataformat-yaml\2.9.8\jackson-dataformat-yaml-2.9.8.jar;C:\Users\gaurav_mahajan\.m2\repository\org\yaml\snakeyaml\1.23\snakeyaml-1.23.jar;C:\Users\gaurav_mahajan\.m2\repository\org\apache\kafka\kafka-clients\2.8.1\kafka-clients-2.8.1.jar;C:\Users\gaurav_mahajan\.m2\repository\com\github\luben\zstd-jni\1.4.9-1\zstd-jni-1.4.9-1.jar;C:\Users\gaurav_mahajan\.m2\repository\org\lz4\lz4-java\1.7.1\lz4-java-1.7.1.jar;C:\Users\gaurav_mahajan\.m2\repository\org\xerial\snappy\snappy-java\1.1.8.1\snappy-java-1.1.8.1.jar;C:\Users\gaurav_mahajan\.m2\repository\mysql\mysql-connector-java\8.0.21\mysql-connector-java-8.0.21.jar;C:\Users\gaurav_mahajan\.m2\repository\com\google\protobuf\protobuf-java\3.11.4\protobuf-java-3.11.4.jar;C:\Users\gaurav_mahajan\.m2\repository\com\microsoft\sqlserver\mssql-jdbc\8.2.2.jre13\mssql-jdbc-8.2.2.jre13.jar;C:\Users\gaurav_mahajan\.m2\repository\io\cucumber\cucumber-java\6.10.4\cucumber-java-6.10.4.jar;C:\Users\gaurav_mahajan\.m2\repository\io\cucumber\cucumber-core\6.10.4\cucumber-core-6.10.4.jar;C:\Users\gaurav_mahajan\.m2\repository\io\cucumber\cucumber-gherkin-messages\6.10.4\cucumber-gherkin-messages-6.10.4.jar;C:\Users\gaurav_mahajan\.m2\repository\io\cucumber\messages\15.0.0\messages-15.0.0.jar;C:\Users\gaurav_mahajan\.m2\repository\io\cucumber\tag-expressions\3.0.1\tag-expressions-3.0.1.jar;C:\Users\gaurav_mahajan\.m2\repository\io\cucumber\cucumber-expressions\10.3.0\cucumber-expressions-10.3.0.jar;C:\Users\gaurav_mahajan\.m2\repository\io\cucumber\datatable\3.5.0\datatable-3.5.0.jar;C:\Users\gaurav_mahajan\.m2\repository\io\cucumber\cucumber-plugin\6.10.4\cucumber-plugin-6.10.4.jar;C:\Users\gaurav_mahajan\.m2\repository\io\cucumber\docstring\6.10.4\docstring-6.10.4.jar;C:\Users\gaurav_mahajan\.m2\repository\io\cucumber\html-formatter\13.0.0\html-formatter-13.0.0.jar;C:\Users\gaurav_mahajan\.m2\repository\io\cucumber\create-meta\4.0.0\create-meta-4.0.0.jar;C:\Users\gaurav_mahajan\.m2\repository\org\apiguardian\apiguardian-api\1.1.1\apiguardian-api-1.1.1.jar;C:\Users\gaurav_mahajan\.m2\repository\info\cukes\cucumber-jvm-deps\1.0.5\cucumber-jvm-deps-1.0.5.jar;C:\Users\gaurav_mahajan\.m2\repository\org\testng\testng\7.4.0\testng-7.4.0.jar;C:\Users\gaurav_mahajan\.m2\repository\com\beust\jcommander\1.78\jcommander-1.78.jar;C:\Users\gaurav_mahajan\.m2\repository\org\webjars\jquery\3.5.1\jquery-3.5.1.jar;C:\Users\gaurav_mahajan\.m2\repository\io\cucumber\cucumber-testng\6.10.4\cucumber-testng-6.10.4.jar;C:\Users\gaurav_mahajan\.m2\repository\info\cukes\cucumber-picocontainer\1.2.5\cucumber-picocontainer-1.2.5.jar;C:\Users\gaurav_mahajan\.m2\repository\info\cukes\cucumber-java\1.2.5\cucumber-java-1.2.5.jar;C:\Users\gaurav_mahajan\.m2\repository\info\cukes\cucumber-core\1.2.5\cucumber-core-1.2.5.jar;C:\Users\gaurav_mahajan\.m2\repository\info\cukes\cucumber-html\0.2.3\cucumber-html-0.2.3.jar;C:\Users\gaurav_mahajan\.m2\repository\info\cukes\gherkin\2.12.2\gherkin-2.12.2.jar;C:\Users\gaurav_mahajan\.m2\repository\org\picocontainer\picocontainer\2.15\picocontainer-2.15.jar;C:\Users\gaurav_mahajan\.m2\repository\org\seleniumhq\selenium\selenium-java\3.141.59\selenium-java-3.141.59.jar;C:\Users\gaurav_mahajan\.m2\repository\org\seleniumhq\selenium\selenium-api\3.141.59\selenium-api-3.141.59.jar;C:\Users\gaurav_mahajan\.m2\repository\org\seleniumhq\selenium\selenium-edge-driver\3.141.59\selenium-edge-driver-3.141.59.jar;C:\Users\gaurav_mahajan\.m2\repository\org\seleniumhq\selenium\selenium-ie-driver\3.141.59\selenium-ie-driver-3.141.59.jar;C:\Users\gaurav_mahajan\.m2\repository\org\seleniumhq\selenium\selenium-opera-driver\3.141.59\selenium-opera-driver-3.141.59.jar;C:\Users\gaurav_mahajan\.m2\repository\org\seleniumhq\selenium\selenium-remote-driver\3.141.59\selenium-remote-driver-3.141.59.jar;C:\Users\gaurav_mahajan\.m2\repository\org\seleniumhq\selenium\selenium-safari-driver\3.141.59\selenium-safari-driver-3.141.59.jar;C:\Users\gaurav_mahajan\.m2\repository\net\bytebuddy\byte-buddy\1.8.15\byte-buddy-1.8.15.jar;C:\Users\gaurav_mahajan\.m2\repository\org\apache\commons\commons-exec\1.3\commons-exec-1.3.jar;C:\Users\gaurav_mahajan\.m2\repository\com\squareup\okhttp3\okhttp\3.11.0\okhttp-3.11.0.jar;C:\Users\gaurav_mahajan\.m2\repository\com\squareup\okio\okio\1.14.0\okio-1.14.0.jar;C:\Users\gaurav_mahajan\.m2\repository\net\masterthought\cucumber-reporting\5.7.7\cucumber-reporting-5.7.7.jar;C:\Users\gaurav_mahajan\.m2\repository\com\fasterxml\jackson\datatype\jackson-datatype-jsr310\2.15.2\jackson-datatype-jsr310-2.15.2.jar;C:\Users\gaurav_mahajan\.m2\repository\org\apache\velocity\velocity-engine-core\2.3\velocity-engine-core-2.3.jar;C:\Users\gaurav_mahajan\.m2\repository\joda-time\joda-time\2.12.5\joda-time-2.12.5.jar;C:\Users\gaurav_mahajan\.m2\repository\org\codehaus\plexus\plexus-utils\3.5.1\plexus-utils-3.5.1.jar;C:\Users\gaurav_mahajan\.m2\repository\org\jsoup\jsoup\1.16.1\jsoup-1.16.1.jar;C:\Users\gaurav_mahajan\.m2\repository\com\googlecode\owasp-java-html-sanitizer\owasp-java-html-sanitizer\20220608.1\owasp-java-html-sanitizer-20220608.1.jar;C:\Users\gaurav_mahajan\.m2\repository\commons-configuration\commons-configuration\1.10\commons-configuration-1.10.jar;C:\Users\gaurav_mahajan\.m2\repository\org\seleniumhq\selenium\selenium-chrome-driver\3.141.59\selenium-chrome-driver-3.141.59.jar;C:\Users\gaurav_mahajan\.m2\repository\org\apache\logging\log4j\log4j-api\2.17.0\log4j-api-2.17.0.jar;C:\Users\gaurav_mahajan\.m2\repository\org\apache\logging\log4j\log4j-core\2.17.0\log4j-core-2.17.0.jar;C:\Users\gaurav_mahajan\.m2\repository\com\google\guava\guava\23.0\guava-23.0.jar;C:\Users\gaurav_mahajan\.m2\repository\com\google\code\findbugs\jsr305\1.3.9\jsr305-1.3.9.jar;C:\Users\gaurav_mahajan\.m2\repository\com\google\errorprone\error_prone_annotations\2.0.18\error_prone_annotations-2.0.18.jar;C:\Users\gaurav_mahajan\.m2\repository\com\google\j2objc\j2objc-annotations\1.1\j2objc-annotations-1.1.jar;C:\Users\gaurav_mahajan\.m2\repository\org\codehaus\mojo\animal-sniffer-annotations\1.14\animal-sniffer-annotations-1.14.jar;C:\Users\gaurav_mahajan\.m2\repository\org\seleniumhq\selenium\selenium-support\4.0.0\selenium-support-4.0.0.jar;C:\Users\gaurav_mahajan\.m2\repository\com\google\auto\service\auto-service-annotations\1.0\auto-service-annotations-1.0.jar;C:\Users\gaurav_mahajan\.m2\repository\com\google\auto\service\auto-service\1.0\auto-service-1.0.jar;C:\Users\gaurav_mahajan\.m2\repository\com\google\auto\auto-common\1.0\auto-common-1.0.jar;C:\Users\gaurav_mahajan\.m2\repository\org\seleniumhq\selenium\selenium-json\4.0.0\selenium-json-4.0.0.jar;C:\Users\gaurav_mahajan\.m2\repository\io\github\bonigarcia\webdrivermanager\4.3.1\webdrivermanager-4.3.1.jar;C:\Users\gaurav_mahajan\.m2\repository\com\google\code\gson\gson\2.8.6\gson-2.8.6.jar;C:\Users\gaurav_mahajan\.m2\repository\org\apache\httpcomponents\client5\httpclient5\5.0.3\httpclient5-5.0.3.jar;C:\Users\gaurav_mahajan\.m2\repository\org\apache\httpcomponents\core5\httpcore5\5.0.2\httpcore5-5.0.2.jar;C:\Users\gaurav_mahajan\.m2\repository\org\apache\httpcomponents\core5\httpcore5-h2\5.0.2\httpcore5-h2-5.0.2.jar;C:\Users\gaurav_mahajan\.m2\repository\org\rauschig\jarchivelib\1.1.0\jarchivelib-1.1.0.jar;C:\Users\gaurav_mahajan\.m2\repository\org\seleniumhq\webdriver\webdriver-support\0.9.7376\webdriver-support-0.9.7376.jar;C:\Users\gaurav_mahajan\.m2\repository\org\seleniumhq\webdriver\webdriver-common\0.9.7376\webdriver-common-0.9.7376.jar;C:\Users\gaurav_mahajan\.m2\repository\org\hamcrest\hamcrest-all\1.1\hamcrest-all-1.1.jar;C:\Users\gaurav_mahajan\.m2\repository\xerces\xercesImpl\2.12.1\xercesImpl-2.12.1.jar;C:\Users\gaurav_mahajan\.m2\repository\xml-apis\xml-apis\1.4.01\xml-apis-1.4.01.jar;C:\Users\gaurav_mahajan\.m2\repository\org\seleniumhq\selenium\selenium-firefox-driver\3.141.59\selenium-firefox-driver-3.141.59.jar;C:\Users\gaurav_mahajan\.m2\repository\com\vimalselvam\cucumber-extentsreport\3.0.2\cucumber-extentsreport-3.0.2.jar;C:\Users\gaurav_mahajan\.m2\repository\com\aventstack\extentreports\4.0.9\extentreports-4.0.9.jar;C:\Users\gaurav_mahajan\.m2\repository\org\freemarker\freemarker\2.3.23\freemarker-2.3.23.jar;C:\Users\gaurav_mahajan\.m2\repository\org\mongodb\mongodb-driver\3.3.0\mongodb-driver-3.3.0.jar;C:\Users\gaurav_mahajan\.m2\repository\org\mongodb\mongodb-driver-core\3.3.0\mongodb-driver-core-3.3.0.jar;C:\Users\gaurav_mahajan\.m2\repository\org\mongodb\bson\3.3.0\bson-3.3.0.jar;C:\Users\gaurav_mahajan\.m2\repository\org\slf4j\slf4j-api\1.7.5\slf4j-api-1.7.5.jar;C:\Users\gaurav_mahajan\.m2\repository\org\slf4j\slf4j-log4j12\1.7.5\slf4j-log4j12-1.7.5.jar;C:\Users\gaurav_mahajan\.m2\repository\log4j\log4j\1.2.17\log4j-1.2.17.jar;C:\Users\gaurav_mahajan\.m2\repository\org\docx4j\xhtmlrenderer\1.0.0\xhtmlrenderer-1.0.0.jar;C:\Users\gaurav_mahajan\.m2\repository\com\lowagie\itext\2.1.7\itext-2.1.7.jar;C:\Users\gaurav_mahajan\.m2\repository\com\github\mkolisnyk\cucumber-runner\1.0.8\cucumber-runner-1.0.8.jar;C:\Users\gaurav_mahajan\.m2\repository\com\github\mkolisnyk\cucumber-report-generator\1.0.8\cucumber-report-generator-1.0.8.jar;C:\Users\gaurav_mahajan\.m2\repository\batik\batik-transcoder\1.6-1\batik-transcoder-1.6-1.jar;C:\Users\gaurav_mahajan\.m2\repository\batik\batik-bridge\1.6-1\batik-bridge-1.6-1.jar;C:\Users\gaurav_mahajan\.m2\repository\batik\batik-gvt\1.6-1\batik-gvt-1.6-1.jar;C:\Users\gaurav_mahajan\.m2\repository\batik\batik-awt-util\1.6-1\batik-awt-util-1.6-1.jar;C:\Users\gaurav_mahajan\.m2\repository\batik\batik-util\1.6-1\batik-util-1.6-1.jar;C:\Users\gaurav_mahajan\.m2\repository\batik\batik-gui-util\1.6-1\batik-gui-util-1.6-1.jar;C:\Users\gaurav_mahajan\.m2\repository\batik\batik-ext\1.6-1\batik-ext-1.6-1.jar;C:\Users\gaurav_mahajan\.m2\repository\xml-apis\xmlParserAPIs\2.0.2\xmlParserAPIs-2.0.2.jar;C:\Users\gaurav_mahajan\.m2\repository\batik\batik-script\1.6-1\batik-script-1.6-1.jar;C:\Users\gaurav_mahajan\.m2\repository\rhino\js\1.5R4.1\js-1.5R4.1.jar;C:\Users\gaurav_mahajan\.m2\repository\batik\batik-svg-dom\1.6-1\batik-svg-dom-1.6-1.jar;C:\Users\gaurav_mahajan\.m2\repository\batik\batik-dom\1.6-1\batik-dom-1.6-1.jar;C:\Users\gaurav_mahajan\.m2\repository\batik\batik-css\1.6-1\batik-css-1.6-1.jar;C:\Users\gaurav_mahajan\.m2\repository\batik\batik-xml\1.6-1\batik-xml-1.6-1.jar;C:\Users\gaurav_mahajan\.m2\repository\batik\batik-parser\1.6-1\batik-parser-1.6-1.jar;C:\Users\gaurav_mahajan\.m2\repository\com\itextpdf\itextpdf\5.5.10\itextpdf-5.5.10.jar;C:\Users\gaurav_mahajan\.m2\repository\com\cedarsoftware\json-io\4.8.0\json-io-4.8.0.jar;C:\Users\gaurav_mahajan\.m2\repository\info\cukes\cucumber-junit\1.2.5\cucumber-junit-1.2.5.jar;C:\Users\gaurav_mahajan\.m2\repository\info\cukes\cucumber-testng\1.2.5\cucumber-testng-1.2.5.jar;C:\Users\gaurav_mahajan\.m2\repository\org\xhtmlrenderer\flying-saucer-pdf\9.0.9\flying-saucer-pdf-9.0.9.jar;C:\Users\gaurav_mahajan\.m2\repository\org\xhtmlrenderer\flying-saucer-core\9.0.9\flying-saucer-core-9.0.9.jar;C:\Users\gaurav_mahajan\.m2\repository\commons-codec\commons-codec\1.10\commons-codec-1.10.jar;C:\Users\gaurav_mahajan\.m2\repository\org\javassist\javassist\3.22.0-CR1\javassist-3.22.0-CR1.jar;C:\Users\gaurav_mahajan\.m2\repository\org\apache\maven\maven-plugin-api\2.0\maven-plugin-api-2.0.jar;C:\Users\gaurav_mahajan\.m2\repository\org\apache\maven\reporting\maven-reporting-api\2.0.8\maven-reporting-api-2.0.8.jar;C:\Users\gaurav_mahajan\.m2\repository\org\apache\maven\doxia\doxia-sink-api\1.0-alpha-9\doxia-sink-api-1.0-alpha-9.jar;C:\Users\gaurav_mahajan\.m2\repository\org\apache\maven\reporting\maven-reporting-impl\2.0.4.3\maven-reporting-impl-2.0.4.3.jar;C:\Users\gaurav_mahajan\.m2\repository\org\apache\maven\maven-project\2.0.4\maven-project-2.0.4.jar;C:\Users\gaurav_mahajan\.m2\repository\org\apache\maven\maven-settings\2.0.4\maven-settings-2.0.4.jar;C:\Users\gaurav_mahajan\.m2\repository\org\apache\maven\maven-profile\2.0.4\maven-profile-2.0.4.jar;C:\Users\gaurav_mahajan\.m2\repository\org\apache\maven\maven-model\2.0.4\maven-model-2.0.4.jar;C:\Users\gaurav_mahajan\.m2\repository\org\apache\maven\maven-artifact-manager\2.0.4\maven-artifact-manager-2.0.4.jar;C:\Users\gaurav_mahajan\.m2\repository\org\apache\maven\maven-repository-metadata\2.0.4\maven-repository-metadata-2.0.4.jar;C:\Users\gaurav_mahajan\.m2\repository\org\apache\maven\wagon\wagon-provider-api\1.0-alpha-6\wagon-provider-api-1.0-alpha-6.jar;C:\Users\gaurav_mahajan\.m2\repository\org\apache\maven\maven-artifact\2.0.4\maven-artifact-2.0.4.jar;C:\Users\gaurav_mahajan\.m2\repository\org\codehaus\plexus\plexus-container-default\1.0-alpha-9\plexus-container-default-1.0-alpha-9.jar;C:\Users\gaurav_mahajan\.m2\repository\classworlds\classworlds\1.1-alpha-2\classworlds-1.1-alpha-2.jar;C:\Users\gaurav_mahajan\.m2\repository\org\apache\maven\doxia\doxia-core\1.0\doxia-core-1.0.jar;C:\Users\gaurav_mahajan\.m2\repository\org\apache\maven\doxia\doxia-site-renderer\1.0\doxia-site-renderer-1.0.jar;C:\Users\gaurav_mahajan\.m2\repository\org\codehaus\plexus\plexus-i18n\1.0-beta-7\plexus-i18n-1.0-beta-7.jar;C:\Users\gaurav_mahajan\.m2\repository\org\codehaus\plexus\plexus-velocity\1.1.7\plexus-velocity-1.1.7.jar;C:\Users\gaurav_mahajan\.m2\repository\org\apache\velocity\velocity\1.5\velocity-1.5.jar;C:\Users\gaurav_mahajan\.m2\repository\org\apache\maven\doxia\doxia-decoration-model\1.0\doxia-decoration-model-1.0.jar;C:\Users\gaurav_mahajan\.m2\repository\commons-collections\commons-collections\3.2\commons-collections-3.2.jar;C:\Users\gaurav_mahajan\.m2\repository\org\apache\maven\doxia\doxia-module-apt\1.0\doxia-module-apt-1.0.jar;C:\Users\gaurav_mahajan\.m2\repository\org\apache\maven\doxia\doxia-module-fml\1.0\doxia-module-fml-1.0.jar;C:\Users\gaurav_mahajan\.m2\repository\org\apache\maven\doxia\doxia-module-xdoc\1.0\doxia-module-xdoc-1.0.jar;C:\Users\gaurav_mahajan\.m2\repository\org\apache\maven\doxia\doxia-module-xhtml\1.0\doxia-module-xhtml-1.0.jar;C:\Users\gaurav_mahajan\.m2\repository\commons-validator\commons-validator\1.2.0\commons-validator-1.2.0.jar;C:\Users\gaurav_mahajan\.m2\repository\commons-beanutils\commons-beanutils\1.7.0\commons-beanutils-1.7.0.jar;C:\Users\gaurav_mahajan\.m2\repository\commons-digester\commons-digester\1.6\commons-digester-1.6.jar;C:\Users\gaurav_mahajan\.m2\repository\oro\oro\2.0.8\oro-2.0.8.jar;C:\Users\gaurav_mahajan\.m2\repository\org\apache\maven\shared\maven-doxia-tools\1.0.2\maven-doxia-tools-1.0.2.jar;C:\Users\gaurav_mahajan\.m2\repository\com\google\inject\guice\4.0\guice-4.0.jar;C:\Users\gaurav_mahajan\.m2\repository\javax\inject\javax.inject\1\javax.inject-1.jar;C:\Users\gaurav_mahajan\.m2\repository\aopalliance\aopalliance\1.0\aopalliance-1.0.jar;C:\Users\gaurav_mahajan\.m2\repository\org\uncommons\reportng\1.1.3\reportng-1.1.3.jar;C:\Users\gaurav_mahajan\.m2\repository\velocity\velocity\1.4\velocity-1.4.jar;C:\Users\gaurav_mahajan\.m2\repository\velocity\velocity-dep\1.4\velocity-dep-1.4.jar;C:\Users\gaurav_mahajan\.m2\repository\commons-io\commons-io\2.6\commons-io-2.6.jar;C:\Users\gaurav_mahajan\.m2\repository\org\apache\poi\poi\4.1.2\poi-4.1.2.jar;C:\Users\gaurav_mahajan\.m2\repository\org\apache\commons\commons-collections4\4.4\commons-collections4-4.4.jar;C:\Users\gaurav_mahajan\.m2\repository\org\apache\commons\commons-math3\3.6.1\commons-math3-3.6.1.jar;C:\Users\gaurav_mahajan\.m2\repository\com\zaxxer\SparseBitSet\1.2\SparseBitSet-1.2.jar;C:\Users\gaurav_mahajan\.m2\repository\org\apache\poi\poi-ooxml\4.1.2\poi-ooxml-4.1.2.jar;C:\Users\gaurav_mahajan\.m2\repository\org\apache\poi\poi-ooxml-schemas\4.1.2\poi-ooxml-schemas-4.1.2.jar;C:\Users\gaurav_mahajan\.m2\repository\org\apache\xmlbeans\xmlbeans\3.1.0\xmlbeans-3.1.0.jar;C:\Users\gaurav_mahajan\.m2\repository\org\apache\commons\commons-compress\1.19\commons-compress-1.19.jar;C:\Users\gaurav_mahajan\.m2\repository\com\github\virtuald\curvesapi\1.06\curvesapi-1.06.jar;C:\Users\gaurav_mahajan\.m2\repository\org\json\json\20190722\json-20190722.jar;C:\Users\gaurav_mahajan\.m2\repository\com\googlecode\json-simple\json-simple\1.1.1\json-simple-1.1.1.jar;C:\Users\gaurav_mahajan\.m2\repository\com\jayway\restassured\dist-rest-assured\2.2.0\dist-rest-assured-2.2.0.jar;C:\Users\gaurav_mahajan\.m2\repository\com\jayway\restassured\rest-assured\2.2.0\rest-assured-2.2.0.jar;C:\Users\gaurav_mahajan\.m2\repository\org\hamcrest\hamcrest-library\1.3\hamcrest-library-1.3.jar;C:\Users\gaurav_mahajan\.m2\repository\com\jayway\restassured\rest-assured-common\2.2.0\rest-assured-common-2.2.0.jar;C:\Users\gaurav_mahajan\.m2\repository\com\jayway\restassured\json-path\2.2.0\json-path-2.2.0.jar;C:\Users\gaurav_mahajan\.m2\repository\org\codehaus\jackson\jackson-core-asl\1.8.5\jackson-core-asl-1.8.5.jar;C:\Users\gaurav_mahajan\.m2\repository\org\codehaus\jackson\jackson-mapper-asl\1.8.5\jackson-mapper-asl-1.8.5.jar;C:\Users\gaurav_mahajan\.m2\repository\com\jayway\restassured\xml-path\2.2.0\xml-path-2.2.0.jar;C:\Users\gaurav_mahajan\.m2\repository\com\github\stephenc\monte\monte-screen-recorder\0.7.7.0\monte-screen-recorder-0.7.7.0.jar;C:\Users\gaurav_mahajan\.m2\repository\com\epam\reportportal\agent-java-cucumber6\5.2.0\agent-java-cucumber6-5.2.0.jar;C:\Users\gaurav_mahajan\.m2\repository\com\epam\reportportal\commons-model\5.0.0\commons-model-5.0.0.jar;C:\Users\gaurav_mahajan\.m2\repository\io\swagger\swagger-annotations\1.5.24\swagger-annotations-1.5.24.jar;C:\Users\gaurav_mahajan\.m2\repository\javax\validation\validation-api\2.0.1.Final\validation-api-2.0.1.Final.jar;C:\Users\gaurav_mahajan\.m2\repository\io\cucumber\cucumber-gherkin\7.13.0\cucumber-gherkin-7.13.0.jar;C:\Users\gaurav_mahajan\.m2\repository\com\epam\reportportal\agent-java-testng\5.3.1\agent-java-testng-5.3.1.jar;C:\Users\gaurav_mahajan\.m2\repository\com\epam\reportportal\client-java\5.1.26\client-java-5.1.26.jar;C:\Users\gaurav_mahajan\.m2\repository\io\reactivex\rxjava2\rxjava\2.2.10\rxjava-2.2.10.jar;C:\Users\gaurav_mahajan\.m2\repository\org\reactivestreams\reactive-streams\1.0.2\reactive-streams-1.0.2.jar;C:\Users\gaurav_mahajan\.m2\repository\com\squareup\retrofit2\retrofit\2.9.0\retrofit-2.9.0.jar;C:\Users\gaurav_mahajan\.m2\repository\org\aspectj\aspectjrt\1.9.19\aspectjrt-1.9.19.jar;C:\Users\gaurav_mahajan\.m2\repository\com\squareup\retrofit2\converter-scalars\2.9.0\converter-scalars-2.9.0.jar;C:\Users\gaurav_mahajan\.m2\repository\com\squareup\retrofit2\converter-jackson\2.9.0\converter-jackson-2.9.0.jar;C:\Users\gaurav_mahajan\.m2\repository\com\squareup\retrofit2\adapter-rxjava2\2.9.0\adapter-rxjava2-2.9.0.jar;C:\Users\gaurav_mahajan\.m2\repository\com\squareup\okhttp3\logging-interceptor\3.14.9\logging-interceptor-3.14.9.jar;C:\Users\gaurav_mahajan\.m2\repository\org\aspectj\aspectjweaver\1.9.19\aspectjweaver-1.9.19.jar;C:\Users\gaurav_mahajan\.m2\repository\commons-lang\commons-lang\2.2\commons-lang-2.2.jar;C:\Users\gaurav_mahajan\.m2\repository\io\cucumber\cucumber-junit\6.11.0\cucumber-junit-6.11.0.jar;C:\Users\gaurav_mahajan\.m2\repository\junit\junit\4.13.2\junit-4.13.2.jar;C:\Users\gaurav_mahajan\.m2\repository\org\hamcrest\hamcrest-core\1.3\hamcrest-core-1.3.jar;C:\Users\gaurav_mahajan\.m2\repository\javax\xml\soap\javax.xml.soap-api\1.4.0\javax.xml.soap-api-1.4.0.jar;C:\Users\gaurav_mahajan\.m2\repository\com\sun\xml\messaging\saaj\saaj-impl\1.5.2\saaj-impl-1.5.2.jar;C:\Users\gaurav_mahajan\.m2\repository\jakarta\xml\soap\jakarta.xml.soap-api\1.4.2\jakarta.xml.soap-api-1.4.2.jar;C:\Users\gaurav_mahajan\.m2\repository\com\sun\activation\jakarta.activation\1.2.2\jakarta.activation-1.2.2.jar;"/>
    <property name="sun.cpu.endian" value="little"/>
    <property name="user.home" value="C:\Users\gaurav_mahajan"/>
    <property name="user.language" value="en"/>
    <property name="java.specification.vendor" value="Oracle Corporation"/>
    <property name="java.version.date" value="2024-01-16"/>
    <property name="java.home" value="C:\Program Files\Java\jdk-11"/>
    <property name="file.separator" value="\"/>
    <property name="basedir" value="C:\Users\gaurav_mahajan\Desktop\SeleniumwithCucumber"/>
    <property name="java.vm.compressedOopsMode" value="Zero based"/>
    <property name="line.separator" value="&#10;"/>
    <property name="java.specification.name" value="Java Platform API Specification"/>
    <property name="java.vm.specification.vendor" value="Oracle Corporation"/>
    <property name="java.awt.graphicsenv" value="sun.awt.Win32GraphicsEnvironment"/>
    <property name="surefire.real.class.path" value="C:\Users\gaurav_mahajan\AppData\Local\Temp\surefire17450638679320741729\surefirebooter12319038857896487916.jar"/>
    <property name="user.script" value=""/>
    <property name="sun.management.compiler" value="HotSpot 64-Bit Tiered Compilers"/>
    <property name="java.runtime.version" value="11.0.22+9-LTS-219"/>
    <property name="user.name" value="gaurav_mahajan"/>
    <property name="path.separator" value=";"/>
    <property name="os.version" value="10.0"/>
    <property name="java.runtime.name" value="Java(TM) SE Runtime Environment"/>
    <property name="file.encoding" value="Cp1252"/>
    <property name="java.vm.name" value="Java HotSpot(TM) 64-Bit Server VM"/>
    <property name="java.vendor.version" value="18.9"/>
    <property name="localRepository" value="C:\Users\gaurav_mahajan\.m2\repository"/>
    <property name="java.vendor.url.bug" value="https://bugreport.java.com/bugreport/"/>
    <property name="java.io.tmpdir" value="C:\Users\GAURAV~1\AppData\Local\Temp\"/>
    <property name="java.version" value="11.0.22"/>
    <property name="user.dir" value="C:\Users\gaurav_mahajan\Desktop\SeleniumwithCucumber"/>
    <property name="os.arch" value="amd64"/>
    <property name="java.vm.specification.name" value="Java Virtual Machine Specification"/>
    <property name="java.awt.printerjob" value="sun.awt.windows.WPrinterJob"/>
    <property name="sun.os.patch.level" value=""/>
    <property name="java.library.path" value="C:\Program Files\Java\jdk-11\bin;C:\Windows\Sun\Java\bin;C:\Windows\system32;C:\Windows;C:\Windows\system32;C:\Windows;C:\Windows\System32\Wbem;C:\Windows\System32\WindowsPowerShell\v1.0\;C:\Windows\System32\OpenSSH\;C:\Program Files\dotnet\;C:\Program Files\WindowsPowerShell\Scripts;C:\Program Files\Java\jdk-11\bin;C:\Users\gaurav_mahajan\Downloads\Softwares\apache-maven-3.9.8-bin\apache-maven-3.9.8\bin;C:\Program Files\Git\cmd;C:\Users\gaurav_mahajan\AppData\Local\Microsoft\WindowsApps;;."/>
    <property name="java.vendor" value="Oracle Corporation"/>
    <property name="java.vm.info" value="mixed mode"/>
    <property name="java.vm.version" value="11.0.22+9-LTS-219"/>
    <property name="java.specification.maintenance.version" value="2"/>
    <property name="sun.io.unicode.encoding" value="UnicodeLittle"/>
    <property name="java.class.version" value="55.0"/>
  </properties>
</testsuite>